Using pre-set license
Built from '2020.3/staging' branch; Version is '2020.3.22f1 (e1a7f79fd887) revision 14788599'; Using compiler version '192528614'; Build Type 'Release'
OS: 'Windows 10 Pro; OS build 19043.1466; Version 2009; 64bit' Language: 'en' Physical Memory: 7987 MB
BatchMode: 1, IsHumanControllingUs: 0, StartBugReporterOnCrash: 0, Is64bit: 1, IsPro: 0

COMMAND LINE ARGUMENTS:
F:\UnityEditor\2020.3.22f1\Editor\Unity.exe
-adb2
-batchMode
-noUpm
-name
AssetImportWorker0
-projectPath
E:/UnityProjects/SwordSlasherDemo
-logFile
Logs/AssetImportWorker0.log
-srvPort
60972
Successfully changed project path to: E:/UnityProjects/SwordSlasherDemo
E:/UnityProjects/SwordSlasherDemo
Using Asset Import Pipeline V2.
Refreshing native plugins compatible for Editor in 66.11 ms, found 2 plugins.
Preloading 0 native plugins for Editor in 0.00 ms.
Initialize engine version: 2020.3.22f1 (e1a7f79fd887)
[Subsystems] Discovering subsystems at path F:/UnityEditor/2020.3.22f1/Editor/Data/Resources/UnitySubsystems
[Subsystems] Discovering subsystems at path E:/UnityProjects/SwordSlasherDemo/Assets
GfxDevice: creating device client; threaded=0
Direct3D:
    Version:  Direct3D 11.0 [level 10.0]
    Renderer: Intel(R) HD Graphics (ID=0x46)
    Vendor:   
    VRAM:     128 MB
    Driver:   8.15.10.2900
Initialize mono
Mono path[0] = 'F:/UnityEditor/2020.3.22f1/Editor/Data/Managed'
Mono path[1] = 'F:/UnityEditor/2020.3.22f1/Editor/Data/MonoBleedingEdge/lib/mono/unityjit'
Mono config path = 'F:/UnityEditor/2020.3.22f1/Editor/Data/MonoBleedingEdge/etc'
Using monoOptions --debugger-agent=transport=dt_socket,embedding=1,server=y,suspend=n,address=127.0.0.1:56924
Begin MonoManager ReloadAssembly
Registering precompiled unity dll's ...
Register platform support module: F:/UnityEditor/2020.3.22f1/Editor/Data/PlaybackEngines/MacStandaloneSupport/UnityEditor.OSXStandalone.Extensions.dll
Register platform support module: F:/UnityEditor/2020.3.22f1/Editor/Data/PlaybackEngines/WindowsStandaloneSupport/UnityEditor.WindowsStandalone.Extensions.dll
Registered in 0.002627 seconds.
Native extension for WindowsStandalone target not found
Native extension for OSXStandalone target not found
Refreshing native plugins compatible for Editor in 81.00 ms, found 2 plugins.
Preloading 0 native plugins for Editor in 0.00 ms.
Mono: successfully reloaded assembly
- Completed reload, in  2.588 seconds
Domain Reload Profiling:
	ReloadAssembly (2589ms)
		BeginReloadAssembly (223ms)
			ExecutionOrderSort (0ms)
			DisableScriptedObjects (0ms)
			BackupInstance (0ms)
			ReleaseScriptingObjects (0ms)
			CreateAndSetChildDomain (2ms)
		EndReloadAssembly (1246ms)
			LoadAssemblies (222ms)
			RebuildTransferFunctionScriptingTraits (0ms)
			SetupTypeCache (476ms)
			ReleaseScriptCaches (0ms)
			RebuildScriptCaches (79ms)
			SetupLoadedEditorAssemblies (415ms)
				LogAssemblyErrors (0ms)
				InitializePlatformSupportModulesInManaged (11ms)
				SetLoadedEditorAssemblies (0ms)
				RefreshPlugins (81ms)
				BeforeProcessingInitializeOnLoad (45ms)
				ProcessInitializeOnLoadAttributes (201ms)
				ProcessInitializeOnLoadMethodAttributes (76ms)
				AfterProcessingInitializeOnLoad (0ms)
				EditorAssembliesLoaded (1ms)
			ExecutionOrderSort2 (0ms)
			AwakeInstancesAfterBackupRestoration (0ms)
Platform modules already initialized, skipping
Registering precompiled user dll's ...
Registered in 0.006921 seconds.
Begin MonoManager ReloadAssembly
Native extension for WindowsStandalone target not found
Native extension for OSXStandalone target not found
Refreshing native plugins compatible for Editor in 0.89 ms, found 2 plugins.
Preloading 0 native plugins for Editor in 0.00 ms.
Mono: successfully reloaded assembly
- Completed reload, in  2.586 seconds
Domain Reload Profiling:
	ReloadAssembly (2588ms)
		BeginReloadAssembly (422ms)
			ExecutionOrderSort (0ms)
			DisableScriptedObjects (12ms)
			BackupInstance (0ms)
			ReleaseScriptingObjects (0ms)
			CreateAndSetChildDomain (46ms)
		EndReloadAssembly (2048ms)
			LoadAssemblies (288ms)
			RebuildTransferFunctionScriptingTraits (0ms)
			SetupTypeCache (723ms)
			ReleaseScriptCaches (1ms)
			RebuildScriptCaches (102ms)
			SetupLoadedEditorAssemblies (783ms)
				LogAssemblyErrors (0ms)
				InitializePlatformSupportModulesInManaged (9ms)
				SetLoadedEditorAssemblies (1ms)
				RefreshPlugins (1ms)
				BeforeProcessingInitializeOnLoad (168ms)
				ProcessInitializeOnLoadAttributes (571ms)
				ProcessInitializeOnLoadMethodAttributes (25ms)
				AfterProcessingInitializeOnLoad (7ms)
				EditorAssembliesLoaded (1ms)
			ExecutionOrderSort2 (0ms)
			AwakeInstancesAfterBackupRestoration (17ms)
Platform modules already initialized, skipping
========================================================================
Worker process is ready to serve import requests
Launched and connected shader compiler UnityShaderCompiler.exe after 0.24 seconds
Refreshing native plugins compatible for Editor in 0.75 ms, found 2 plugins.
Preloading 0 native plugins for Editor in 0.00 ms.
Unloading 1525 Unused Serialized files (Serialized files now loaded: 0)
System memory in use before: 70.5 MB.
System memory in use after: 70.6 MB.

Unloading 19 unused Assets to reduce memory usage. Loaded Objects now: 1958.
Total: 6.945800 ms (FindLiveObjects: 0.362600 ms CreateObjectMapping: 0.119900 ms MarkObjects: 6.286000 ms  DeleteObjects: 0.173100 ms)

AssetImportParameters requested are different than current active one (requested -> active):
  custom:framework-win-MediaFoundation: 216162199b28c13a410421893ffa2e32 -> 
  custom:video-decoder-ogg-theora: a1e56fd34408186e4bbccfd4996cb3dc -> 
  custom:container-muxer-webm: aa71ff27fc2769a1b78a27578f13a17b -> 
  custom:container-demuxer-webm: 4f35f7cbe854078d1ac9338744f61a02 -> 
  custom:container-demuxer-ogg: 62fdf1f143b41e24485cea50d1cbac27 -> 
  custom:video-encoder-webm-vp8: eb34c28f22e8b96e1ab97ce403110664 -> 
  custom:video-decoder-webm-vp8: 9c59270c3fd7afecdb556c50c9e8de78 -> 
  custom:audio-decoder-ogg-vorbis: bf7c407c2cedff20999df2af8eb42d56 -> 
  custom:audio-encoder-webm-vorbis: bf7c407c2cedff20999df2af8eb42d56 -> 
========================================================================
Received Import Request.
  path: Assets/Easy Input Helper/Media/holeMaterial.mat
  artifactKey: Guid(af13e6b1725af3c49b2eba21c66e97c1) Importer(815301076,1909f56bfc062723c751e8b465ee728b)
Start importing Assets/Easy Input Helper/Media/holeMaterial.mat using Guid(af13e6b1725af3c49b2eba21c66e97c1) Importer(815301076,1909f56bfc062723c751e8b465ee728b)  -> (artifact id: 'f20cc0f40582d0eae893987ca6b355d2') in 0.876380 seconds 
  Import took 0.907885 seconds .

========================================================================
Received Import Request.
  Time since last request: 0.014852 seconds.
  path: Assets/Easy Input Helper/Media/gutterPrefab.prefab
  artifactKey: Guid(545abd7df0b064046a681b2c929aa592) Importer(815301076,1909f56bfc062723c751e8b465ee728b)
Start importing Assets/Easy Input Helper/Media/gutterPrefab.prefab using Guid(545abd7df0b064046a681b2c929aa592) Importer(815301076,1909f56bfc062723c751e8b465ee728b)  -> (artifact id: '1c45e207a105a41498b27f1775f92a2f') in 0.278831 seconds 
  Import took 0.332587 seconds .

========================================================================
Received Import Request.
  Time since last request: 0.000610 seconds.
  path: Assets/Easy Input Helper/Scenes/SpecificExamples/controlsExample/LightingData.asset
  artifactKey: Guid(782c82325bcec384ba3f88918cf53a9c) Importer(815301076,1909f56bfc062723c751e8b465ee728b)
Start importing Assets/Easy Input Helper/Scenes/SpecificExamples/controlsExample/LightingData.asset using Guid(782c82325bcec384ba3f88918cf53a9c) Importer(815301076,1909f56bfc062723c751e8b465ee728b) Lighting data asset ‘LightingData’ is incompatible with the current Unity version. Please use Generate Lighting to rebuild the lighting data.  Realtime Global Illumination cannot be used until the lighting data is rebuilt.
 -> (artifact id: 'f6f37938fc0d1bc11a96a1d383700254') in 0.091554 seconds 
  Import took 0.115664 seconds .

========================================================================
Received Import Request.
  Time since last request: 0.000590 seconds.
  path: Assets/Easy Input Helper/Media/gutterMaterial.mat
  artifactKey: Guid(2c3fa20f0a62c434a940ec32693ade29) Importer(815301076,1909f56bfc062723c751e8b465ee728b)
Start importing Assets/Easy Input Helper/Media/gutterMaterial.mat using Guid(2c3fa20f0a62c434a940ec32693ade29) Importer(815301076,1909f56bfc062723c751e8b465ee728b)  -> (artifact id: 'eeb9365360d18253b1d25ca8e88e4817') in 0.059761 seconds 
  Import took 0.098278 seconds .

========================================================================
Received Import Request.
  Time since last request: 0.000694 seconds.
  path: Assets/Easy Input Helper/Scenes/SpecificExamples/firstPersonSiriRemoteExample/LightingData.asset
  artifactKey: Guid(52761fb0fb84062469a6feb64e5c705f) Importer(815301076,1909f56bfc062723c751e8b465ee728b)
Start importing Assets/Easy Input Helper/Scenes/SpecificExamples/firstPersonSiriRemoteExample/LightingData.asset using Guid(52761fb0fb84062469a6feb64e5c705f) Importer(815301076,1909f56bfc062723c751e8b465ee728b) Lighting data asset ‘LightingData’ is incompatible with the current Unity version. Please use Generate Lighting to rebuild the lighting data.  Realtime Global Illumination cannot be used until the lighting data is rebuilt.
 -> (artifact id: '6358dde9867d3e2382a3dc952c9586f8') in 0.044692 seconds 
  Import took 0.069409 seconds .

========================================================================
Received Import Request.
  Time since last request: 0.000600 seconds.
  path: Assets/Easy Input Helper/Media/groundMaterial.mat
  artifactKey: Guid(2f2e9710d43a2dc4c8ea3401a57af4dc) Importer(815301076,1909f56bfc062723c751e8b465ee728b)
Start importing Assets/Easy Input Helper/Media/groundMaterial.mat using Guid(2f2e9710d43a2dc4c8ea3401a57af4dc) Importer(815301076,1909f56bfc062723c751e8b465ee728b)  -> (artifact id: '23a837ff658a6f7b7b9909044a83672e') in 0.198962 seconds 
  Import took 0.225445 seconds .

========================================================================
Received Import Request.
  Time since last request: 0.000837 seconds.
  path: Assets/Easy Input Helper/Media/gutter.fbx
  artifactKey: Guid(a2985ca8a5b41c34a82bd3e0bdecfc3e) Importer(815301076,1909f56bfc062723c751e8b465ee728b)
Start importing Assets/Easy Input Helper/Media/gutter.fbx using Guid(a2985ca8a5b41c34a82bd3e0bdecfc3e) Importer(815301076,1909f56bfc062723c751e8b465ee728b)  -> (artifact id: 'b6b6eb0b1d552017f746ae41929e3d4b') in 0.953510 seconds 
  Import took 0.983352 seconds .

AssetImportWorkerClient::OnTransportError - code=2 error=End of file
